F:\DoitsuWorkspace\Unispace\JoinVN2\Capstone-Project-EIP\CapstoneProjectAdmin\Content\sweetalert-master\tmp\modules\utils.js
F:\DoitsuWorkspace\Unispace\JoinVN2\Capstone-Project-EIP\CapstoneProjectAdmin\Content\sweetalert-master\tmp\modules\utils.js.map
F:\DoitsuWorkspace\Unispace\JoinVN2\Capstone-Project-EIP\CapstoneProjectAdmin\Content\sweetalert-master\typings\modules\utils.d.ts
F:\DoitsuWorkspace\Unispace\JoinVN2\Capstone-Project-EIP\CapstoneProjectAdmin\Content\sweetalert-master\tmp\modules\options\buttons.js
F:\DoitsuWorkspace\Unispace\JoinVN2\Capstone-Project-EIP\CapstoneProjectAdmin\Content\sweetalert-master\tmp\modules\options\buttons.js.map
F:\DoitsuWorkspace\Unispace\JoinVN2\Capstone-Project-EIP\CapstoneProjectAdmin\Content\sweetalert-master\typings\modules\options\buttons.d.ts
F:\DoitsuWorkspace\Unispace\JoinVN2\Capstone-Project-EIP\CapstoneProjectAdmin\Content\sweetalert-master\tmp\modules\options\content.js
F:\DoitsuWorkspace\Unispace\JoinVN2\Capstone-Project-EIP\CapstoneProjectAdmin\Content\sweetalert-master\tmp\modules\options\content.js.map
F:\DoitsuWorkspace\Unispace\JoinVN2\Capstone-Project-EIP\CapstoneProjectAdmin\Content\sweetalert-master\typings\modules\options\content.d.ts
F:\DoitsuWorkspace\Unispace\JoinVN2\Capstone-Project-EIP\CapstoneProjectAdmin\Content\sweetalert-master\tmp\modules\options\deprecations.js
F:\DoitsuWorkspace\Unispace\JoinVN2\Capstone-Project-EIP\CapstoneProjectAdmin\Content\sweetalert-master\tmp\modules\options\deprecations.js.map
F:\DoitsuWorkspace\Unispace\JoinVN2\Capstone-Project-EIP\CapstoneProjectAdmin\Content\sweetalert-master\typings\modules\options\deprecations.d.ts
F:\DoitsuWorkspace\Unispace\JoinVN2\Capstone-Project-EIP\CapstoneProjectAdmin\Content\sweetalert-master\tmp\modules\options\index.js
F:\DoitsuWorkspace\Unispace\JoinVN2\Capstone-Project-EIP\CapstoneProjectAdmin\Content\sweetalert-master\tmp\modules\options\index.js.map
F:\DoitsuWorkspace\Unispace\JoinVN2\Capstone-Project-EIP\CapstoneProjectAdmin\Content\sweetalert-master\typings\modules\options\index.d.ts
F:\DoitsuWorkspace\Unispace\JoinVN2\Capstone-Project-EIP\CapstoneProjectAdmin\Content\sweetalert-master\tmp\modules\class-list\index.js
F:\DoitsuWorkspace\Unispace\JoinVN2\Capstone-Project-EIP\CapstoneProjectAdmin\Content\sweetalert-master\tmp\modules\class-list\index.js.map
F:\DoitsuWorkspace\Unispace\JoinVN2\Capstone-Project-EIP\CapstoneProjectAdmin\Content\sweetalert-master\typings\modules\class-list\index.d.ts
F:\DoitsuWorkspace\Unispace\JoinVN2\Capstone-Project-EIP\CapstoneProjectAdmin\Content\sweetalert-master\tmp\modules\markup\modal.js
F:\DoitsuWorkspace\Unispace\JoinVN2\Capstone-Project-EIP\CapstoneProjectAdmin\Content\sweetalert-master\tmp\modules\markup\modal.js.map
F:\DoitsuWorkspace\Unispace\JoinVN2\Capstone-Project-EIP\CapstoneProjectAdmin\Content\sweetalert-master\typings\modules\markup\modal.d.ts
F:\DoitsuWorkspace\Unispace\JoinVN2\Capstone-Project-EIP\CapstoneProjectAdmin\Content\sweetalert-master\tmp\modules\markup\overlay.js
F:\DoitsuWorkspace\Unispace\JoinVN2\Capstone-Project-EIP\CapstoneProjectAdmin\Content\sweetalert-master\tmp\modules\markup\overlay.js.map
F:\DoitsuWorkspace\Unispace\JoinVN2\Capstone-Project-EIP\CapstoneProjectAdmin\Content\sweetalert-master\typings\modules\markup\overlay.d.ts
F:\DoitsuWorkspace\Unispace\JoinVN2\Capstone-Project-EIP\CapstoneProjectAdmin\Content\sweetalert-master\tmp\modules\markup\icons.js
F:\DoitsuWorkspace\Unispace\JoinVN2\Capstone-Project-EIP\CapstoneProjectAdmin\Content\sweetalert-master\tmp\modules\markup\icons.js.map
F:\DoitsuWorkspace\Unispace\JoinVN2\Capstone-Project-EIP\CapstoneProjectAdmin\Content\sweetalert-master\typings\modules\markup\icons.d.ts
F:\DoitsuWorkspace\Unispace\JoinVN2\Capstone-Project-EIP\CapstoneProjectAdmin\Content\sweetalert-master\tmp\modules\markup\content.js
F:\DoitsuWorkspace\Unispace\JoinVN2\Capstone-Project-EIP\CapstoneProjectAdmin\Content\sweetalert-master\tmp\modules\markup\content.js.map
F:\DoitsuWorkspace\Unispace\JoinVN2\Capstone-Project-EIP\CapstoneProjectAdmin\Content\sweetalert-master\typings\modules\markup\content.d.ts
F:\DoitsuWorkspace\Unispace\JoinVN2\Capstone-Project-EIP\CapstoneProjectAdmin\Content\sweetalert-master\tmp\modules\markup\buttons.js
F:\DoitsuWorkspace\Unispace\JoinVN2\Capstone-Project-EIP\CapstoneProjectAdmin\Content\sweetalert-master\tmp\modules\markup\buttons.js.map
F:\DoitsuWorkspace\Unispace\JoinVN2\Capstone-Project-EIP\CapstoneProjectAdmin\Content\sweetalert-master\typings\modules\markup\buttons.d.ts
F:\DoitsuWorkspace\Unispace\JoinVN2\Capstone-Project-EIP\CapstoneProjectAdmin\Content\sweetalert-master\tmp\modules\markup\index.js
F:\DoitsuWorkspace\Unispace\JoinVN2\Capstone-Project-EIP\CapstoneProjectAdmin\Content\sweetalert-master\tmp\modules\markup\index.js.map
F:\DoitsuWorkspace\Unispace\JoinVN2\Capstone-Project-EIP\CapstoneProjectAdmin\Content\sweetalert-master\typings\modules\markup\index.d.ts
F:\DoitsuWorkspace\Unispace\JoinVN2\Capstone-Project-EIP\CapstoneProjectAdmin\Content\sweetalert-master\tmp\modules\init\icon.js
F:\DoitsuWorkspace\Unispace\JoinVN2\Capstone-Project-EIP\CapstoneProjectAdmin\Content\sweetalert-master\tmp\modules\init\icon.js.map
F:\DoitsuWorkspace\Unispace\JoinVN2\Capstone-Project-EIP\CapstoneProjectAdmin\Content\sweetalert-master\typings\modules\init\icon.d.ts
F:\DoitsuWorkspace\Unispace\JoinVN2\Capstone-Project-EIP\CapstoneProjectAdmin\Content\sweetalert-master\tmp\modules\init\text.js
F:\DoitsuWorkspace\Unispace\JoinVN2\Capstone-Project-EIP\CapstoneProjectAdmin\Content\sweetalert-master\tmp\modules\init\text.js.map
F:\DoitsuWorkspace\Unispace\JoinVN2\Capstone-Project-EIP\CapstoneProjectAdmin\Content\sweetalert-master\typings\modules\init\text.d.ts
F:\DoitsuWorkspace\Unispace\JoinVN2\Capstone-Project-EIP\CapstoneProjectAdmin\Content\sweetalert-master\tmp\modules\state.js
F:\DoitsuWorkspace\Unispace\JoinVN2\Capstone-Project-EIP\CapstoneProjectAdmin\Content\sweetalert-master\tmp\modules\state.js.map
F:\DoitsuWorkspace\Unispace\JoinVN2\Capstone-Project-EIP\CapstoneProjectAdmin\Content\sweetalert-master\typings\modules\state.d.ts
F:\DoitsuWorkspace\Unispace\JoinVN2\Capstone-Project-EIP\CapstoneProjectAdmin\Content\sweetalert-master\tmp\modules\actions.js
F:\DoitsuWorkspace\Unispace\JoinVN2\Capstone-Project-EIP\CapstoneProjectAdmin\Content\sweetalert-master\tmp\modules\actions.js.map
F:\DoitsuWorkspace\Unispace\JoinVN2\Capstone-Project-EIP\CapstoneProjectAdmin\Content\sweetalert-master\typings\modules\actions.d.ts
F:\DoitsuWorkspace\Unispace\JoinVN2\Capstone-Project-EIP\CapstoneProjectAdmin\Content\sweetalert-master\tmp\modules\init\buttons.js
F:\DoitsuWorkspace\Unispace\JoinVN2\Capstone-Project-EIP\CapstoneProjectAdmin\Content\sweetalert-master\tmp\modules\init\buttons.js.map
F:\DoitsuWorkspace\Unispace\JoinVN2\Capstone-Project-EIP\CapstoneProjectAdmin\Content\sweetalert-master\typings\modules\init\buttons.d.ts
F:\DoitsuWorkspace\Unispace\JoinVN2\Capstone-Project-EIP\CapstoneProjectAdmin\Content\sweetalert-master\tmp\modules\init\content.js
F:\DoitsuWorkspace\Unispace\JoinVN2\Capstone-Project-EIP\CapstoneProjectAdmin\Content\sweetalert-master\tmp\modules\init\content.js.map
F:\DoitsuWorkspace\Unispace\JoinVN2\Capstone-Project-EIP\CapstoneProjectAdmin\Content\sweetalert-master\typings\modules\init\content.d.ts
F:\DoitsuWorkspace\Unispace\JoinVN2\Capstone-Project-EIP\CapstoneProjectAdmin\Content\sweetalert-master\tmp\modules\init\modal.js
F:\DoitsuWorkspace\Unispace\JoinVN2\Capstone-Project-EIP\CapstoneProjectAdmin\Content\sweetalert-master\tmp\modules\init\modal.js.map
F:\DoitsuWorkspace\Unispace\JoinVN2\Capstone-Project-EIP\CapstoneProjectAdmin\Content\sweetalert-master\typings\modules\init\modal.d.ts
F:\DoitsuWorkspace\Unispace\JoinVN2\Capstone-Project-EIP\CapstoneProjectAdmin\Content\sweetalert-master\tmp\modules\init\overlay.js
F:\DoitsuWorkspace\Unispace\JoinVN2\Capstone-Project-EIP\CapstoneProjectAdmin\Content\sweetalert-master\tmp\modules\init\overlay.js.map
F:\DoitsuWorkspace\Unispace\JoinVN2\Capstone-Project-EIP\CapstoneProjectAdmin\Content\sweetalert-master\typings\modules\init\overlay.d.ts
F:\DoitsuWorkspace\Unispace\JoinVN2\Capstone-Project-EIP\CapstoneProjectAdmin\Content\sweetalert-master\tmp\modules\event-listeners.js
F:\DoitsuWorkspace\Unispace\JoinVN2\Capstone-Project-EIP\CapstoneProjectAdmin\Content\sweetalert-master\tmp\modules\event-listeners.js.map
F:\DoitsuWorkspace\Unispace\JoinVN2\Capstone-Project-EIP\CapstoneProjectAdmin\Content\sweetalert-master\typings\modules\event-listeners.d.ts
F:\DoitsuWorkspace\Unispace\JoinVN2\Capstone-Project-EIP\CapstoneProjectAdmin\Content\sweetalert-master\tmp\modules\init\index.js
F:\DoitsuWorkspace\Unispace\JoinVN2\Capstone-Project-EIP\CapstoneProjectAdmin\Content\sweetalert-master\tmp\modules\init\index.js.map
F:\DoitsuWorkspace\Unispace\JoinVN2\Capstone-Project-EIP\CapstoneProjectAdmin\Content\sweetalert-master\typings\modules\init\index.d.ts
F:\DoitsuWorkspace\Unispace\JoinVN2\Capstone-Project-EIP\CapstoneProjectAdmin\Content\sweetalert-master\tmp\core.js
F:\DoitsuWorkspace\Unispace\JoinVN2\Capstone-Project-EIP\CapstoneProjectAdmin\Content\sweetalert-master\tmp\core.js.map
F:\DoitsuWorkspace\Unispace\JoinVN2\Capstone-Project-EIP\CapstoneProjectAdmin\Content\sweetalert-master\typings\core.d.ts
